androidsource/trunk6/build/outputs/logs/manifest-merger-release-report.txt
-- Merging decision tree log ---
manifest
ADDED from Android app\eduroamCAT app\AndroidManifest.xml:2:1-95:12
	xmlns:android
		ADDED from Android app\eduroamCAT app\AndroidManifest.xml:2:11-69
	package
		ADDED from Android app\eduroamCAT app\AndroidManifest.xml:3:5-39
	android:versionName
		ADDED from Android app\eduroamCAT app\AndroidManifest.xml:5:5-33
	android:versionCode
		ADDED from Android app\eduroamCAT app\AndroidManifest.xml:4:5-29
		INJECTED from Android app\eduroamCAT app\AndroidManifest.xml
		INJECTED from Android app\eduroamCAT app\AndroidManifest.xml
uses-sdk
ADDED from Android app\eduroamCAT app\AndroidManifest.xml:7:5-9:41
	android:targetSdkVersion
		ADDED from Android app\eduroamCAT app\AndroidManifest.xml:9:9-38
	android:minSdkVersion
		ADDED from Android app\eduroamCAT app\AndroidManifest.xml:8:9-35
application
ADDED from Android app\eduroamCAT app\AndroidManifest.xml:11:5-86:19
	android:label
		ADDED from Android app\eduroamCAT app\AndroidManifest.xml:14:9-41
	android:allowBackup
		ADDED from Android app\eduroamCAT app\AndroidManifest.xml:12:9-35
	android:icon
		ADDED from Android app\eduroamCAT app\AndroidManifest.xml:13:9-45
	android:theme
		ADDED from Android app\eduroamCAT app\AndroidManifest.xml:15:9-40
	android:logo
		ADDED from Android app\eduroamCAT app\AndroidManifest.xml:15:41-77
activity#uk.ac.swansea.eduroamcat.eduroamCAT
ADDED from Android app\eduroamCAT app\AndroidManifest.xml:16:9-26:20
	android:windowSoftInputMode
		ADDED from Android app\eduroamCAT app\AndroidManifest.xml:21:13-55
	android:label
		ADDED from Android app\eduroamCAT app\AndroidManifest.xml:18:13-45
	android:configChanges
		ADDED from Android app\eduroamCAT app\AndroidManifest.xml:19:13-74
	android:parentActivityName
		ADDED from Android app\eduroamCAT app\AndroidManifest.xml:20:13-52
	android:name
		ADDED from Android app\eduroamCAT app\AndroidManifest.xml:17:13-63
intent-filter#android.intent.action.MAIN+android.intent.category.LAUNCHER
ADDED from Android app\eduroamCAT app\AndroidManifest.xml:22:13-25:29
action#android.intent.action.MAIN
ADDED from Android app\eduroamCAT app\AndroidManifest.xml:23:17-69
	android:name
		ADDED from Android app\eduroamCAT app\AndroidManifest.xml:23:25-66
category#android.intent.category.LAUNCHER
ADDED from Android app\eduroamCAT app\AndroidManifest.xml:24:17-77
	android:name
		ADDED from Android app\eduroamCAT app\AndroidManifest.xml:24:27-74
activity#uk.ac.swansea.eduroamcat.EAPMetadata
ADDED from Android app\eduroamCAT app\AndroidManifest.xml:27:9-85:20
	android:label
		ADDED from Android app\eduroamCAT app\AndroidManifest.xml:29:13-63
	android:parentActivityName
		ADDED from Android app\eduroamCAT app\AndroidManifest.xml:30:13-77
	android:name
		ADDED from Android app\eduroamCAT app\AndroidManifest.xml:28:13-64
intent-filter#android.intent.action.VIEW+android.intent.category.BROWSABLE+android.intent.category.DEFAULT
ADDED from Android app\eduroamCAT app\AndroidManifest.xml:35:14-43:29
data
ADDED from Android app\eduroamCAT app\AndroidManifest.xml:36:17-50
	android:scheme
		ADDED from Android app\eduroamCAT app\AndroidManifest.xml:36:23-47
action#android.intent.action.VIEW
ADDED from Android app\eduroamCAT app\AndroidManifest.xml:37:17-68
	android:name
		ADDED from Android app\eduroamCAT app\AndroidManifest.xml:37:25-66
category#android.intent.category.DEFAULT
ADDED from Android app\eduroamCAT app\AndroidManifest.xml:38:17-76
	android:name
		ADDED from Android app\eduroamCAT app\AndroidManifest.xml:38:27-73
category#android.intent.category.BROWSABLE
ADDED from Android app\eduroamCAT app\AndroidManifest.xml:39:17-78
	android:name
		ADDED from Android app\eduroamCAT app\AndroidManifest.xml:39:27-75
intent-filter#android.intent.action.VIEW+android.intent.category.DEFAULT
ADDED from Android app\eduroamCAT app\AndroidManifest.xml:80:5-84:29
uses-permission#android.permission.ACCESS_WIFI_STATE
ADDED from Android app\eduroamCAT app\AndroidManifest.xml:88:5-76
	android:name
		ADDED from Android app\eduroamCAT app\AndroidManifest.xml:88:22-73
uses-permission#android.permission.CHANGE_WIFI_STATE
ADDED from Android app\eduroamCAT app\AndroidManifest.xml:89:5-76
	android:name
		ADDED from Android app\eduroamCAT app\AndroidManifest.xml:89:22-73
uses-permission#android.permission.ACCESS_NETWORK_STATE
ADDED from Android app\eduroamCAT app\AndroidManifest.xml:90:5-79
	android:name
		ADDED from Android app\eduroamCAT app\AndroidManifest.xml:90:22-76
uses-permission#android.permission.INTERNET
ADDED from Android app\eduroamCAT app\AndroidManifest.xml:91:5-67
	android:name
		ADDED from Android app\eduroamCAT app\AndroidManifest.xml:91:22-64
uses-permission#android.permission.READ_EXTERNAL_STORAGE
ADDED from Android app\eduroamCAT app\AndroidManifest.xml:92:5-80
	android:name
		ADDED from Android app\eduroamCAT app\AndroidManifest.xml:92:22-77
uses-permission#android.permission.WRITE_EXTERNAL_STORAGE
ADDED from Android app\eduroamCAT app\AndroidManifest.xml:93:5-81
	android:name
		ADDED from Android app\eduroamCAT app\AndroidManifest.xml:93:22-78
uses-permission#android.permission.ACCESS_COARSE_LOCATION
ADDED from Android app\eduroamCAT app\AndroidManifest.xml:94:5-81
	android:name
		ADDED from Android app\eduroamCAT app\AndroidManifest.xml:94:22-78